<!DOCTYPE html>

<html>
  <head>
  <meta charset='utf-8'>
  <title>TestNG reports</title>

    <link type="text/css" href="testng-reports1.css" rel="stylesheet" id="ultra" />
    <link type="text/css" href="testng-reports.css" rel="stylesheet" id="retro" disabled="false"/>
    <script type="text/javascript" src="jquery.min.js"></script>
    <script type="text/javascript" src="testng-reports.js"></script>
    <script type="text/javascript" src="https://www.google.com/jsapi"></script>
    <script type='text/javascript'>
      google.load('visualization', '1', {packages:['table']});
      google.setOnLoadCallback(drawTable);
      var suiteTableInitFunctions = new Array();
      var suiteTableData = new Array();
    </script>
    <!--
      <script type="text/javascript" src="jquery-ui/js/jquery-ui-1.8.16.custom.min.js"></script>
     -->
  </head>

  <body>
    <div class="top-banner-root">
      <span class="top-banner-title-font">Test results</span>
      <button id="button" class="button">Switch Retro Theme</button> <!-- button -->
      <br/>
      <span class="top-banner-font-1">1 suite, 2 failed tests</span>
    </div> <!-- top-banner-root -->
    <div class="navigator-root">
      <div class="navigator-suite-header">
        <span>All suites</span>
        <a href="#" title="Collapse/expand all the suites" class="collapse-all-link">
          <img src="collapseall.gif" class="collapse-all-icon">
          </img> <!-- collapse-all-icon -->
        </a> <!-- collapse-all-link -->
      </div> <!-- navigator-suite-header -->
      <div class="suite">
        <div class="rounded-window">
          <div class="suite-header light-rounded-window-top">
            <a href="#" panel-name="suite-Amazon_Application_NAGP_Selenium_Project" class="navigator-link">
              <span class="suite-name border-failed">Amazon Application NAGP Selenium Project</span>
            </a> <!-- navigator-link -->
          </div> <!-- suite-header light-rounded-window-top -->
          <div class="navigator-suite-content">
            <div class="suite-section-title">
              <span>Info</span>
            </div> <!-- suite-section-title -->
            <div class="suite-section-content">
              <ul>
                <li>
                  <a href="#" panel-name="test-xml-Amazon_Application_NAGP_Selenium_Project" class="navigator-link ">
                    <span>C:\Users\anujalhans01\git\NAGPSeleniumAssignment\AnujAlhans-3144196-NAGP-Amazon-Selenium-Automation-Project-Final\testng.xml</span>
                  </a> <!-- navigator-link  -->
                </li>
                <li>
                  <a href="#" panel-name="testlist-Amazon_Application_NAGP_Selenium_Project" class="navigator-link ">
                    <span class="test-stats">1 test</span>
                  </a> <!-- navigator-link  -->
                </li>
                <li>
                  <a href="#" panel-name="group-Amazon_Application_NAGP_Selenium_Project" class="navigator-link ">
                    <span>3 groups</span>
                  </a> <!-- navigator-link  -->
                </li>
                <li>
                  <a href="#" panel-name="times-Amazon_Application_NAGP_Selenium_Project" class="navigator-link ">
                    <span>Times</span>
                  </a> <!-- navigator-link  -->
                </li>
                <li>
                  <a href="#" panel-name="reporter-Amazon_Application_NAGP_Selenium_Project" class="navigator-link ">
                    <span>Reporter output</span>
                  </a> <!-- navigator-link  -->
                </li>
                <li>
                  <a href="#" panel-name="ignored-methods-Amazon_Application_NAGP_Selenium_Project" class="navigator-link ">
                    <span>Ignored methods</span>
                  </a> <!-- navigator-link  -->
                </li>
                <li>
                  <a href="#" panel-name="chronological-Amazon_Application_NAGP_Selenium_Project" class="navigator-link ">
                    <span>Chronological view</span>
                  </a> <!-- navigator-link  -->
                </li>
              </ul>
            </div> <!-- suite-section-content -->
            <div class="result-section">
              <div class="suite-section-title">
                <span>Results</span>
              </div> <!-- suite-section-title -->
              <div class="suite-section-content">
                <ul>
                  <li>
                    <span class="method-stats">10 methods, 2 failed,   8 passed</span>
                  </li>
                  <li>
                    <span class="method-list-title failed">Failed methods</span>
                    <span class="show-or-hide-methods failed">
                      <a href="#" panel-name="suite-Amazon_Application_NAGP_Selenium_Project" class="hide-methods failed suite-Amazon_Application_NAGP_Selenium_Project"> (hide)</a> <!-- hide-methods failed suite-Amazon_Application_NAGP_Selenium_Project -->
                      <a href="#" panel-name="suite-Amazon_Application_NAGP_Selenium_Project" class="show-methods failed suite-Amazon_Application_NAGP_Selenium_Project"> (show)</a> <!-- show-methods failed suite-Amazon_Application_NAGP_Selenium_Project -->
                    </span>
                    <div class="method-list-content failed suite-Amazon_Application_NAGP_Selenium_Project">
                      <span>
                        <img src="failed.png" width="3%"/>
                        <a href="#" panel-name="suite-Amazon_Application_NAGP_Selenium_Project" title="com.nagp.amazon.tests.AmazonLoginPageTest" class="method navigator-link" hash-for-method="conditionsOfUseTest">conditionsOfUseTest</a> <!-- method navigator-link -->
                      </span>
                      <br/>
                      <span>
                        <img src="failed.png" width="3%"/>
                        <a href="#" panel-name="suite-Amazon_Application_NAGP_Selenium_Project" title="com.nagp.amazon.tests.AmazonLoginPageTest" class="method navigator-link" hash-for-method="privacyNoticeTest">privacyNoticeTest</a> <!-- method navigator-link -->
                      </span>
                      <br/>
                    </div> <!-- method-list-content failed suite-Amazon_Application_NAGP_Selenium_Project -->
                  </li>
                  <li>
                    <span class="method-list-title passed">Passed methods</span>
                    <span class="show-or-hide-methods passed">
                      <a href="#" panel-name="suite-Amazon_Application_NAGP_Selenium_Project" class="hide-methods passed suite-Amazon_Application_NAGP_Selenium_Project"> (hide)</a> <!-- hide-methods passed suite-Amazon_Application_NAGP_Selenium_Project -->
                      <a href="#" panel-name="suite-Amazon_Application_NAGP_Selenium_Project" class="show-methods passed suite-Amazon_Application_NAGP_Selenium_Project"> (show)</a> <!-- show-methods passed suite-Amazon_Application_NAGP_Selenium_Project -->
                    </span>
                    <div class="method-list-content passed suite-Amazon_Application_NAGP_Selenium_Project">
                      <span>
                        <img src="passed.png" width="3%"/>
                        <a href="#" panel-name="suite-Amazon_Application_NAGP_Selenium_Project" title="com.nagp.amazon.tests.AmazonHomePageTest" class="method navigator-link" hash-for-method="amazonLogoOnHomePageTest">amazonLogoOnHomePageTest</a> <!-- method navigator-link -->
                      </span>
                      <br/>
                      <span>
                        <img src="passed.png" width="3%"/>
                        <a href="#" panel-name="suite-Amazon_Application_NAGP_Selenium_Project" title="com.nagp.amazon.tests.AmazonHomePageTest" class="method navigator-link" hash-for-method="clickAndValidateTodaysDealsPage">clickAndValidateTodaysDealsPage</a> <!-- method navigator-link -->
                      </span>
                      <br/>
                      <span>
                        <img src="passed.png" width="3%"/>
                        <a href="#" panel-name="suite-Amazon_Application_NAGP_Selenium_Project" title="com.nagp.amazon.tests.AmazonHomePageTest" class="method navigator-link" hash-for-method="enterAndValidateDeliveryAddressPincodeTest">enterAndValidateDeliveryAddressPincodeTest</a> <!-- method navigator-link -->
                      </span>
                      <br/>
                      <span>
                        <img src="passed.png" width="3%"/>
                        <a href="#" panel-name="suite-Amazon_Application_NAGP_Selenium_Project" title="com.nagp.amazon.tests.AmazonLoginPageTest" class="method navigator-link" hash-for-method="failedLoginTest">failedLoginTest</a> <!-- method navigator-link -->
                      </span>
                      <br/>
                      <span>
                        <img src="passed.png" width="3%"/>
                        <a href="#" panel-name="suite-Amazon_Application_NAGP_Selenium_Project" title="com.nagp.amazon.tests.AmazonLoginPageTest" class="method navigator-link" hash-for-method="loginTest">loginTest</a> <!-- method navigator-link -->
                      </span>
                      <br/>
                      <span>
                        <img src="passed.png" width="3%"/>
                        <a href="#" panel-name="suite-Amazon_Application_NAGP_Selenium_Project" title="com.nagp.amazon.tests.AmazonLoginPageTest" class="method navigator-link" hash-for-method="openLoginScreenTest">openLoginScreenTest</a> <!-- method navigator-link -->
                      </span>
                      <br/>
                      <span>
                        <img src="passed.png" width="3%"/>
                        <a href="#" panel-name="suite-Amazon_Application_NAGP_Selenium_Project" title="com.nagp.amazon.tests.AmazonHomePageTest" class="method navigator-link" hash-for-method="searchProductTest">searchProductTest</a> <!-- method navigator-link -->
                      </span>
                      <br/>
                      <span>
                        <img src="passed.png" width="3%"/>
                        <a href="#" panel-name="suite-Amazon_Application_NAGP_Selenium_Project" title="com.nagp.amazon.tests.AmazonProductSearchResultsPageTest" class="method navigator-link" hash-for-method="validateSortSearchResultsByPriceLowToHighTest">validateSortSearchResultsByPriceLowToHighTest</a> <!-- method navigator-link -->
                      </span>
                      <br/>
                    </div> <!-- method-list-content passed suite-Amazon_Application_NAGP_Selenium_Project -->
                  </li>
                </ul>
              </div> <!-- suite-section-content -->
            </div> <!-- result-section -->
          </div> <!-- navigator-suite-content -->
        </div> <!-- rounded-window -->
      </div> <!-- suite -->
    </div> <!-- navigator-root -->
    <div class="wrapper">
      <div class="main-panel-root">
        <div panel-name="suite-Amazon_Application_NAGP_Selenium_Project" class="panel Amazon_Application_NAGP_Selenium_Project">
          <div class="suite-Amazon_Application_NAGP_Selenium_Project-class-failed">
            <div class="main-panel-header rounded-window-top">
              <img src="failed.png"/>
              <span class="class-name">com.nagp.amazon.tests.AmazonLoginPageTest</span>
            </div> <!-- main-panel-header rounded-window-top -->
            <div class="main-panel-content rounded-window-bottom">
              <div class="method">
                <div class="method-content">
                  <a name="conditionsOfUseTest">
                  </a> <!-- conditionsOfUseTest -->
                  <span class="method-name">conditionsOfUseTest</span>
                  <div class="stack-trace">java.lang.AssertionError: Conditions Page Title does not match expected [Amazon.in Help: Conditions of Use] but found [Conditions of Use - Amazon Customer Service]
	at com.nagp.amazon.tests.AmazonLoginPageTest.conditionsOfUseTest(AmazonLoginPageTest.java:59)
	at java.base/java.util.ArrayList.forEach(ArrayList.java:1541)
... Removed 32 stack frames
</div> <!-- stack-trace -->
                </div> <!-- method-content -->
              </div> <!-- method -->
              <div class="method">
                <div class="method-content">
                  <a name="privacyNoticeTest">
                  </a> <!-- privacyNoticeTest -->
                  <span class="method-name">privacyNoticeTest</span>
                  <div class="stack-trace">java.lang.AssertionError: Privacy Notice Page Title does not match expected [Amazon.in Help: Amazon.in Privacy Notice] but found [Amazon.in Privacy Notice - Amazon Customer Service]
	at com.nagp.amazon.tests.AmazonLoginPageTest.privacyNoticeTest(AmazonLoginPageTest.java:68)
	at java.base/java.util.ArrayList.forEach(ArrayList.java:1541)
... Removed 32 stack frames
</div> <!-- stack-trace -->
                </div> <!-- method-content -->
              </div> <!-- method -->
            </div> <!-- main-panel-content rounded-window-bottom -->
          </div> <!-- suite-Amazon_Application_NAGP_Selenium_Project-class-failed -->
          <div class="suite-Amazon_Application_NAGP_Selenium_Project-class-passed">
            <div class="main-panel-header rounded-window-top">
              <img src="passed.png"/>
              <span class="class-name">com.nagp.amazon.tests.AmazonHomePageTest</span>
            </div> <!-- main-panel-header rounded-window-top -->
            <div class="main-panel-content rounded-window-bottom">
              <div class="method">
                <div class="method-content">
                  <a name="amazonLogoOnHomePageTest">
                  </a> <!-- amazonLogoOnHomePageTest -->
                  <span class="method-name">amazonLogoOnHomePageTest</span>
                </div> <!-- method-content -->
              </div> <!-- method -->
              <div class="method">
                <div class="method-content">
                  <a name="clickAndValidateTodaysDealsPage">
                  </a> <!-- clickAndValidateTodaysDealsPage -->
                  <span class="method-name">clickAndValidateTodaysDealsPage</span>
                </div> <!-- method-content -->
              </div> <!-- method -->
              <div class="method">
                <div class="method-content">
                  <a name="enterAndValidateDeliveryAddressPincodeTest">
                  </a> <!-- enterAndValidateDeliveryAddressPincodeTest -->
                  <span class="method-name">enterAndValidateDeliveryAddressPincodeTest</span>
                </div> <!-- method-content -->
              </div> <!-- method -->
              <div class="method">
                <div class="method-content">
                  <a name="searchProductTest">
                  </a> <!-- searchProductTest -->
                  <span class="method-name">searchProductTest</span>
                </div> <!-- method-content -->
              </div> <!-- method -->
            </div> <!-- main-panel-content rounded-window-bottom -->
          </div> <!-- suite-Amazon_Application_NAGP_Selenium_Project-class-passed -->
          <div class="suite-Amazon_Application_NAGP_Selenium_Project-class-passed">
            <div class="main-panel-header rounded-window-top">
              <img src="passed.png"/>
              <span class="class-name">com.nagp.amazon.tests.AmazonLoginPageTest</span>
            </div> <!-- main-panel-header rounded-window-top -->
            <div class="main-panel-content rounded-window-bottom">
              <div class="method">
                <div class="method-content">
                  <a name="failedLoginTest">
                  </a> <!-- failedLoginTest -->
                  <span class="method-name">failedLoginTest</span>
                </div> <!-- method-content -->
              </div> <!-- method -->
              <div class="method">
                <div class="method-content">
                  <a name="loginTest">
                  </a> <!-- loginTest -->
                  <span class="method-name">loginTest</span>
                </div> <!-- method-content -->
              </div> <!-- method -->
              <div class="method">
                <div class="method-content">
                  <a name="openLoginScreenTest">
                  </a> <!-- openLoginScreenTest -->
                  <span class="method-name">openLoginScreenTest</span>
                </div> <!-- method-content -->
              </div> <!-- method -->
            </div> <!-- main-panel-content rounded-window-bottom -->
          </div> <!-- suite-Amazon_Application_NAGP_Selenium_Project-class-passed -->
          <div class="suite-Amazon_Application_NAGP_Selenium_Project-class-passed">
            <div class="main-panel-header rounded-window-top">
              <img src="passed.png"/>
              <span class="class-name">com.nagp.amazon.tests.AmazonProductSearchResultsPageTest</span>
            </div> <!-- main-panel-header rounded-window-top -->
            <div class="main-panel-content rounded-window-bottom">
              <div class="method">
                <div class="method-content">
                  <a name="validateSortSearchResultsByPriceLowToHighTest">
                  </a> <!-- validateSortSearchResultsByPriceLowToHighTest -->
                  <span class="method-name">validateSortSearchResultsByPriceLowToHighTest</span>
                </div> <!-- method-content -->
              </div> <!-- method -->
            </div> <!-- main-panel-content rounded-window-bottom -->
          </div> <!-- suite-Amazon_Application_NAGP_Selenium_Project-class-passed -->
        </div> <!-- panel Amazon_Application_NAGP_Selenium_Project -->
        <div panel-name="test-xml-Amazon_Application_NAGP_Selenium_Project" class="panel">
          <div class="main-panel-header rounded-window-top">
            <span class="header-content">C:\Users\anujalhans01\git\NAGPSeleniumAssignment\AnujAlhans-3144196-NAGP-Amazon-Selenium-Automation-Project-Final\testng.xml</span>
          </div> <!-- main-panel-header rounded-window-top -->
          <div class="main-panel-content rounded-window-bottom">
            <pre>
&lt;?xml version=&quot;1.0&quot; encoding=&quot;UTF-8&quot;?&gt;
&lt;!DOCTYPE suite SYSTEM &quot;https://testng.org/testng-1.0.dtd&quot;&gt;
&lt;suite name=&quot;Amazon Application NAGP Selenium Project&quot; guice-stage=&quot;DEVELOPMENT&quot;&gt;
  &lt;listeners&gt;
    &lt;listener class-name=&quot;com.nagp.amazon.customListener.ExtentListener&quot;/&gt;
  &lt;/listeners&gt;
  &lt;test thread-count=&quot;5&quot; name=&quot;Amazon Application Test Cases&quot;&gt;
    &lt;classes&gt;
      &lt;class name=&quot;com.nagp.amazon.tests.AmazonLoginPageTest&quot;/&gt;
      &lt;class name=&quot;com.nagp.amazon.tests.AmazonHomePageTest&quot;/&gt;
      &lt;class name=&quot;com.nagp.amazon.tests.AmazonProductSearchResultsPageTest&quot;/&gt;
    &lt;/classes&gt;
  &lt;/test&gt; &lt;!-- Amazon Application Test Cases --&gt;
&lt;/suite&gt; &lt;!-- Amazon Application NAGP Selenium Project --&gt;
            </pre>
          </div> <!-- main-panel-content rounded-window-bottom -->
        </div> <!-- panel -->
        <div panel-name="testlist-Amazon_Application_NAGP_Selenium_Project" class="panel">
          <div class="main-panel-header rounded-window-top">
            <span class="header-content">Tests for Amazon Application NAGP Selenium Project</span>
          </div> <!-- main-panel-header rounded-window-top -->
          <div class="main-panel-content rounded-window-bottom">
            <ul>
              <li>
                <span class="test-name">Amazon Application Test Cases (3 classes)</span>
              </li>
            </ul>
          </div> <!-- main-panel-content rounded-window-bottom -->
        </div> <!-- panel -->
        <div panel-name="group-Amazon_Application_NAGP_Selenium_Project" class="panel">
          <div class="main-panel-header rounded-window-top">
            <span class="header-content">Groups for Amazon Application NAGP Selenium Project</span>
          </div> <!-- main-panel-header rounded-window-top -->
          <div class="main-panel-content rounded-window-bottom">
            <div class="test-group">
              <span class="test-group-name">Regression</span>
              <br/>
              <div class="method-in-group">
                <span class="method-in-group-name">clickAndValidateTodaysDealsPage</span>
                <br/>
              </div> <!-- method-in-group -->
              <div class="method-in-group">
                <span class="method-in-group-name">conditionsOfUseTest</span>
                <br/>
              </div> <!-- method-in-group -->
              <div class="method-in-group">
                <span class="method-in-group-name">enterAndValidateDeliveryAddressPincodeTest</span>
                <br/>
              </div> <!-- method-in-group -->
              <div class="method-in-group">
                <span class="method-in-group-name">failedLoginTest</span>
                <br/>
              </div> <!-- method-in-group -->
              <div class="method-in-group">
                <span class="method-in-group-name">loginTest</span>
                <br/>
              </div> <!-- method-in-group -->
              <div class="method-in-group">
                <span class="method-in-group-name">privacyNoticeTest</span>
                <br/>
              </div> <!-- method-in-group -->
              <div class="method-in-group">
                <span class="method-in-group-name">validateSortSearchResultsByPriceLowToHighTest</span>
                <br/>
              </div> <!-- method-in-group -->
            </div> <!-- test-group -->
            <div class="test-group">
              <span class="test-group-name">Smoke</span>
              <br/>
              <div class="method-in-group">
                <span class="method-in-group-name">amazonLogoOnHomePageTest</span>
                <br/>
              </div> <!-- method-in-group -->
              <div class="method-in-group">
                <span class="method-in-group-name">clickAndValidateTodaysDealsPage</span>
                <br/>
              </div> <!-- method-in-group -->
              <div class="method-in-group">
                <span class="method-in-group-name">enterAndValidateDeliveryAddressPincodeTest</span>
                <br/>
              </div> <!-- method-in-group -->
              <div class="method-in-group">
                <span class="method-in-group-name">loginTest</span>
                <br/>
              </div> <!-- method-in-group -->
              <div class="method-in-group">
                <span class="method-in-group-name">openLoginScreenTest</span>
                <br/>
              </div> <!-- method-in-group -->
              <div class="method-in-group">
                <span class="method-in-group-name">validateSortSearchResultsByPriceLowToHighTest</span>
                <br/>
              </div> <!-- method-in-group -->
            </div> <!-- test-group -->
            <div class="test-group">
              <span class="test-group-name">smoke</span>
              <br/>
              <div class="method-in-group">
                <span class="method-in-group-name">searchProductTest</span>
                <br/>
              </div> <!-- method-in-group -->
            </div> <!-- test-group -->
          </div> <!-- main-panel-content rounded-window-bottom -->
        </div> <!-- panel -->
        <div panel-name="times-Amazon_Application_NAGP_Selenium_Project" class="panel">
          <div class="main-panel-header rounded-window-top">
            <span class="header-content">Times for Amazon Application NAGP Selenium Project</span>
          </div> <!-- main-panel-header rounded-window-top -->
          <div class="main-panel-content rounded-window-bottom">
            <div class="times-div">
              <script type="text/javascript">
suiteTableInitFunctions.push('tableData_Amazon_Application_NAGP_Selenium_Project');
function tableData_Amazon_Application_NAGP_Selenium_Project() {
var data = new google.visualization.DataTable();
data.addColumn('number', 'Number');
data.addColumn('string', 'Method');
data.addColumn('string', 'Class');
data.addColumn('number', 'Time (ms)');
data.addRows(10);
data.setCell(0, 0, 0)
data.setCell(0, 1, 'validateSortSearchResultsByPriceLowToHighTest')
data.setCell(0, 2, 'com.nagp.amazon.tests.AmazonProductSearchResultsPageTest')
data.setCell(0, 3, 6323);
data.setCell(1, 0, 1)
data.setCell(1, 1, 'enterAndValidateDeliveryAddressPincodeTest')
data.setCell(1, 2, 'com.nagp.amazon.tests.AmazonHomePageTest')
data.setCell(1, 3, 5844);
data.setCell(2, 0, 2)
data.setCell(2, 1, 'failedLoginTest')
data.setCell(2, 2, 'com.nagp.amazon.tests.AmazonLoginPageTest')
data.setCell(2, 3, 5432);
data.setCell(3, 0, 3)
data.setCell(3, 1, 'loginTest')
data.setCell(3, 2, 'com.nagp.amazon.tests.AmazonLoginPageTest')
data.setCell(3, 3, 2956);
data.setCell(4, 0, 4)
data.setCell(4, 1, 'searchProductTest')
data.setCell(4, 2, 'com.nagp.amazon.tests.AmazonHomePageTest')
data.setCell(4, 3, 2059);
data.setCell(5, 0, 5)
data.setCell(5, 1, 'privacyNoticeTest')
data.setCell(5, 2, 'com.nagp.amazon.tests.AmazonLoginPageTest')
data.setCell(5, 3, 1929);
data.setCell(6, 0, 6)
data.setCell(6, 1, 'conditionsOfUseTest')
data.setCell(6, 2, 'com.nagp.amazon.tests.AmazonLoginPageTest')
data.setCell(6, 3, 1854);
data.setCell(7, 0, 7)
data.setCell(7, 1, 'clickAndValidateTodaysDealsPage')
data.setCell(7, 2, 'com.nagp.amazon.tests.AmazonHomePageTest')
data.setCell(7, 3, 1579);
data.setCell(8, 0, 8)
data.setCell(8, 1, 'openLoginScreenTest')
data.setCell(8, 2, 'com.nagp.amazon.tests.AmazonLoginPageTest')
data.setCell(8, 3, 902);
data.setCell(9, 0, 9)
data.setCell(9, 1, 'amazonLogoOnHomePageTest')
data.setCell(9, 2, 'com.nagp.amazon.tests.AmazonHomePageTest')
data.setCell(9, 3, 292);
window.suiteTableData['Amazon_Application_NAGP_Selenium_Project']= { tableData: data, tableDiv: 'times-div-Amazon_Application_NAGP_Selenium_Project'}
return data;
}
              </script>
              <span class="suite-total-time">Total running time: 29 seconds</span>
              <div id="times-div-Amazon_Application_NAGP_Selenium_Project">
              </div> <!-- times-div-Amazon_Application_NAGP_Selenium_Project -->
            </div> <!-- times-div -->
          </div> <!-- main-panel-content rounded-window-bottom -->
        </div> <!-- panel -->
        <div panel-name="reporter-Amazon_Application_NAGP_Selenium_Project" class="panel">
          <div class="main-panel-header rounded-window-top">
            <span class="header-content">Reporter output for Amazon Application NAGP Selenium Project</span>
          </div> <!-- main-panel-header rounded-window-top -->
          <div class="main-panel-content rounded-window-bottom">
          </div> <!-- main-panel-content rounded-window-bottom -->
        </div> <!-- panel -->
        <div panel-name="ignored-methods-Amazon_Application_NAGP_Selenium_Project" class="panel">
          <div class="main-panel-header rounded-window-top">
            <span class="header-content">0 ignored methods</span>
          </div> <!-- main-panel-header rounded-window-top -->
          <div class="main-panel-content rounded-window-bottom">
          </div> <!-- main-panel-content rounded-window-bottom -->
        </div> <!-- panel -->
        <div panel-name="chronological-Amazon_Application_NAGP_Selenium_Project" class="panel">
          <div class="main-panel-header rounded-window-top">
            <span class="header-content">Methods in chronological order</span>
          </div> <!-- main-panel-header rounded-window-top -->
          <div class="main-panel-content rounded-window-bottom">
            <div class="chronological-class">
              <div class="chronological-class-name">com.nagp.amazon.tests.AmazonHomePageTest</div> <!-- chronological-class-name -->
              <div class="configuration-suite before">
                <span class="method-name">setExtent</span>
                <span class="method-start">0 ms</span>
              </div> <!-- configuration-suite before -->
            </div> <!-- chronological-class -->
            <div class="chronological-class">
              <div class="chronological-class-name">com.nagp.amazon.tests.AmazonLoginPageTest</div> <!-- chronological-class-name -->
              <div class="configuration-suite before">
                <span class="method-name">setExtent</span>
                <span class="method-start">9 ms</span>
              </div> <!-- configuration-suite before -->
              <div class="configuration-method before">
                <span class="method-name">setup</span>
                <span class="method-start">38 ms</span>
              </div> <!-- configuration-method before -->
              <div class="test-method">
                <span class="method-name">openLoginScreenTest</span>
                <span class="method-start">6211 ms</span>
              </div> <!-- test-method -->
              <div class="configuration-method after">
                <span class="method-name">tearDown([TestResult name=openLoginScreenTest status=SUCCESS method=AmazonLoginPageTest.openLoginScreenTest()...)</span>
                <span class="method-start">7121 ms</span>
              </div> <!-- configuration-method after -->
              <div class="configuration-method before">
                <span class="method-name">setup</span>
                <span class="method-start">7937 ms</span>
              </div> <!-- configuration-method before -->
              <div class="test-method">
                <img src="failed.png">
                </img>
                <span class="method-name">conditionsOfUseTest</span>
                <span class="method-start">11068 ms</span>
              </div> <!-- test-method -->
              <div class="configuration-method after">
                <span class="method-name">tearDown([TestResult name=conditionsOfUseTest status=FAILURE method=AmazonLoginPageTest.conditionsOfUseTest()...)</span>
                <span class="method-start">13241 ms</span>
              </div> <!-- configuration-method after -->
              <div class="configuration-method before">
                <span class="method-name">setup</span>
                <span class="method-start">14023 ms</span>
              </div> <!-- configuration-method before -->
              <div class="test-method">
                <img src="failed.png">
                </img>
                <span class="method-name">privacyNoticeTest</span>
                <span class="method-start">17086 ms</span>
              </div> <!-- test-method -->
              <div class="configuration-method after">
                <span class="method-name">tearDown([TestResult name=privacyNoticeTest status=FAILURE method=AmazonLoginPageTest.privacyNoticeTest()[pri...)</span>
                <span class="method-start">19222 ms</span>
              </div> <!-- configuration-method after -->
              <div class="configuration-method before">
                <span class="method-name">setup</span>
                <span class="method-start">20014 ms</span>
              </div> <!-- configuration-method before -->
              <div class="test-method">
                <span class="method-name">loginTest</span>
                <span class="method-start">23344 ms</span>
              </div> <!-- test-method -->
              <div class="configuration-method after">
                <span class="method-name">tearDown([TestResult name=loginTest status=SUCCESS method=AmazonLoginPageTest.loginTest()[pri:4, instance:com...)</span>
                <span class="method-start">26302 ms</span>
              </div> <!-- configuration-method after -->
              <div class="configuration-method before">
                <span class="method-name">setup</span>
                <span class="method-start">27044 ms</span>
              </div> <!-- configuration-method before -->
              <div class="test-method">
                <span class="method-name">failedLoginTest</span>
                <span class="method-start">30185 ms</span>
              </div> <!-- test-method -->
              <div class="configuration-method after">
                <span class="method-name">tearDown([TestResult name=failedLoginTest status=SUCCESS method=AmazonLoginPageTest.failedLoginTest()[pri:5, ...)</span>
                <span class="method-start">35618 ms</span>
              </div> <!-- configuration-method after -->
            </div> <!-- chronological-class -->
            <div class="chronological-class">
              <div class="chronological-class-name">com.nagp.amazon.tests.AmazonHomePageTest</div> <!-- chronological-class-name -->
              <div class="configuration-method before">
                <span class="method-name">setup</span>
                <span class="method-start">36406 ms</span>
              </div> <!-- configuration-method before -->
              <div class="test-method">
                <span class="method-name">amazonLogoOnHomePageTest</span>
                <span class="method-start">39352 ms</span>
              </div> <!-- test-method -->
              <div class="configuration-method after">
                <span class="method-name">tearDown([TestResult name=amazonLogoOnHomePageTest status=SUCCESS method=AmazonHomePageTest.amazonLogoOnHomeP...)</span>
                <span class="method-start">39646 ms</span>
              </div> <!-- configuration-method after -->
              <div class="configuration-method before">
                <span class="method-name">setup</span>
                <span class="method-start">40455 ms</span>
              </div> <!-- configuration-method before -->
              <div class="test-method">
                <span class="method-name">clickAndValidateTodaysDealsPage</span>
                <span class="method-start">44176 ms</span>
              </div> <!-- test-method -->
              <div class="configuration-method after">
                <span class="method-name">tearDown([TestResult name=clickAndValidateTodaysDealsPage status=SUCCESS method=AmazonHomePageTest.clickAndVa...)</span>
                <span class="method-start">45756 ms</span>
              </div> <!-- configuration-method after -->
              <div class="configuration-method before">
                <span class="method-name">setup</span>
                <span class="method-start">46591 ms</span>
              </div> <!-- configuration-method before -->
              <div class="test-method">
                <span class="method-name">enterAndValidateDeliveryAddressPincodeTest</span>
                <span class="method-start">50038 ms</span>
              </div> <!-- test-method -->
              <div class="configuration-method after">
                <span class="method-name">tearDown([TestResult name=enterAndValidateDeliveryAddressPincodeTest status=SUCCESS method=AmazonHomePageTest...)</span>
                <span class="method-start">55883 ms</span>
              </div> <!-- configuration-method after -->
              <div class="configuration-method before">
                <span class="method-name">setup</span>
                <span class="method-start">57009 ms</span>
              </div> <!-- configuration-method before -->
              <div class="test-method">
                <span class="method-name">searchProductTest</span>
                <span class="method-start">60360 ms</span>
              </div> <!-- test-method -->
              <div class="configuration-method after">
                <span class="method-name">tearDown([TestResult name=searchProductTest status=SUCCESS method=AmazonHomePageTest.searchProductTest()[pri:...)</span>
                <span class="method-start">62420 ms</span>
              </div> <!-- configuration-method after -->
            </div> <!-- chronological-class -->
            <div class="chronological-class">
              <div class="chronological-class-name">com.nagp.amazon.tests.AmazonProductSearchResultsPageTest</div> <!-- chronological-class-name -->
              <div class="configuration-method before">
                <span class="method-name">setup</span>
                <span class="method-start">63202 ms</span>
              </div> <!-- configuration-method before -->
              <div class="test-method">
                <span class="method-name">validateSortSearchResultsByPriceLowToHighTest</span>
                <span class="method-start">68714 ms</span>
              </div> <!-- test-method -->
              <div class="configuration-method after">
                <span class="method-name">tearDown([TestResult name=validateSortSearchResultsByPriceLowToHighTest status=SUCCESS method=AmazonProductSe...)</span>
                <span class="method-start">75038 ms</span>
              </div> <!-- configuration-method after -->
          </div> <!-- main-panel-content rounded-window-bottom -->
        </div> <!-- panel -->
      </div> <!-- main-panel-root -->
    </div> <!-- wrapper -->
  </body>
<script type="text/javascript" src="testng-reports2.js"></script>
</html>
