<?xml version="1.0" encoding="UTF-8"?>
<testng-results ignored="0" total="10" passed="8" failed="2" skipped="0">
  <reporter-output>
  </reporter-output>
  <suite started-at="2022-02-23T00:23:18 IST" name="Amazon Application NAGP Selenium Project" finished-at="2022-02-23T00:24:34 IST" duration-ms="75840">
    <groups>
      <group name="smoke">
        <method signature="AmazonHomePageTest.searchProductTest()[pri:4, instance:com.nagp.amazon.tests.AmazonHomePageTest@376a0d86]" name="searchProductTest" class="com.nagp.amazon.tests.AmazonHomePageTest"/>
      </group> <!-- smoke -->
      <group name="Regression">
        <method signature="AmazonHomePageTest.clickAndValidateTodaysDealsPage()[pri:2, instance:com.nagp.amazon.tests.AmazonHomePageTest@376a0d86]" name="clickAndValidateTodaysDealsPage" class="com.nagp.amazon.tests.AmazonHomePageTest"/>
        <method signature="AmazonHomePageTest.enterAndValidateDeliveryAddressPincodeTest()[pri:3, instance:com.nagp.amazon.tests.AmazonHomePageTest@376a0d86]" name="enterAndValidateDeliveryAddressPincodeTest" class="com.nagp.amazon.tests.AmazonHomePageTest"/>
        <method signature="AmazonLoginPageTest.conditionsOfUseTest()[pri:2, instance:com.nagp.amazon.tests.AmazonLoginPageTest@79defdc]" name="conditionsOfUseTest" class="com.nagp.amazon.tests.AmazonLoginPageTest"/>
        <method signature="AmazonLoginPageTest.failedLoginTest()[pri:5, instance:com.nagp.amazon.tests.AmazonLoginPageTest@79defdc]" name="failedLoginTest" class="com.nagp.amazon.tests.AmazonLoginPageTest"/>
        <method signature="AmazonLoginPageTest.loginTest()[pri:4, instance:com.nagp.amazon.tests.AmazonLoginPageTest@79defdc]" name="loginTest" class="com.nagp.amazon.tests.AmazonLoginPageTest"/>
        <method signature="AmazonLoginPageTest.privacyNoticeTest()[pri:3, instance:com.nagp.amazon.tests.AmazonLoginPageTest@79defdc]" name="privacyNoticeTest" class="com.nagp.amazon.tests.AmazonLoginPageTest"/>
        <method signature="AmazonProductSearchResultsPageTest.validateSortSearchResultsByPriceLowToHighTest()[pri:0, instance:com.nagp.amazon.tests.AmazonProductSearchResultsPageTest@62656be4]" name="validateSortSearchResultsByPriceLowToHighTest" class="com.nagp.amazon.tests.AmazonProductSearchResultsPageTest"/>
      </group> <!-- Regression -->
      <group name="Smoke">
        <method signature="AmazonHomePageTest.amazonLogoOnHomePageTest()[pri:1, instance:com.nagp.amazon.tests.AmazonHomePageTest@376a0d86]" name="amazonLogoOnHomePageTest" class="com.nagp.amazon.tests.AmazonHomePageTest"/>
        <method signature="AmazonHomePageTest.clickAndValidateTodaysDealsPage()[pri:2, instance:com.nagp.amazon.tests.AmazonHomePageTest@376a0d86]" name="clickAndValidateTodaysDealsPage" class="com.nagp.amazon.tests.AmazonHomePageTest"/>
        <method signature="AmazonHomePageTest.enterAndValidateDeliveryAddressPincodeTest()[pri:3, instance:com.nagp.amazon.tests.AmazonHomePageTest@376a0d86]" name="enterAndValidateDeliveryAddressPincodeTest" class="com.nagp.amazon.tests.AmazonHomePageTest"/>
        <method signature="AmazonLoginPageTest.loginTest()[pri:4, instance:com.nagp.amazon.tests.AmazonLoginPageTest@79defdc]" name="loginTest" class="com.nagp.amazon.tests.AmazonLoginPageTest"/>
        <method signature="AmazonLoginPageTest.openLoginScreenTest()[pri:1, instance:com.nagp.amazon.tests.AmazonLoginPageTest@79defdc]" name="openLoginScreenTest" class="com.nagp.amazon.tests.AmazonLoginPageTest"/>
        <method signature="AmazonProductSearchResultsPageTest.validateSortSearchResultsByPriceLowToHighTest()[pri:0, instance:com.nagp.amazon.tests.AmazonProductSearchResultsPageTest@62656be4]" name="validateSortSearchResultsByPriceLowToHighTest" class="com.nagp.amazon.tests.AmazonProductSearchResultsPageTest"/>
      </group> <!-- Smoke -->
    </groups>
    <test started-at="2022-02-23T00:23:18 IST" name="Amazon Application Test Cases" finished-at="2022-02-23T00:24:34 IST" duration-ms="75840">
      <class name="com.nagp.amazon.tests.AmazonHomePageTest">
        <test-method is-config="true" signature="setExtent()[pri:0, instance:com.nagp.amazon.tests.AmazonHomePageTest@376a0d86]" started-at="2022-02-23T00:23:18 IST" name="setExtent" finished-at="2022-02-23T00:23:18 IST" duration-ms="8" status="PASS">
          <reporter-output>
          </reporter-output>
        </test-method> <!-- setExtent -->
        <test-method is-config="true" signature="setup()[pri:0, instance:com.nagp.amazon.tests.AmazonHomePageTest@376a0d86]" started-at="2022-02-23T00:23:54 IST" name="setup" finished-at="2022-02-23T00:23:57 IST" duration-ms="2946" status="PASS">
          <reporter-output>
          </reporter-output>
        </test-method> <!-- setup -->
        <test-method signature="amazonLogoOnHomePageTest()[pri:1, instance:com.nagp.amazon.tests.AmazonHomePageTest@376a0d86]" started-at="2022-02-23T00:23:57 IST" name="amazonLogoOnHomePageTest" finished-at="2022-02-23T00:23:57 IST" duration-ms="292" status="PASS">
          <reporter-output>
          </reporter-output>
        </test-method> <!-- amazonLogoOnHomePageTest -->
        <test-method is-config="true" signature="tearDown(org.testng.ITestResult)[pri:0, instance:com.nagp.amazon.tests.AmazonHomePageTest@376a0d86]" started-at="2022-02-23T00:23:57 IST" name="tearDown" finished-at="2022-02-23T00:23:58 IST" duration-ms="808" status="PASS">
          <params>
            <param index="0">
              <value>
                <![CDATA[[TestResult name=amazonLogoOnHomePageTest status=SUCCESS method=AmazonHomePageTest.amazonLogoOnHomePageTest()[pri:1, instance:com.nagp.amazon.tests.AmazonHomePageTest@376a0d86] output={null}]]]>
              </value>
            </param>
          </params>
          <reporter-output>
          </reporter-output>
        </test-method> <!-- tearDown -->
        <test-method is-config="true" signature="setup()[pri:0, instance:com.nagp.amazon.tests.AmazonHomePageTest@376a0d86]" started-at="2022-02-23T00:23:58 IST" name="setup" finished-at="2022-02-23T00:24:02 IST" duration-ms="3721" status="PASS">
          <reporter-output>
          </reporter-output>
        </test-method> <!-- setup -->
        <test-method signature="clickAndValidateTodaysDealsPage()[pri:2, instance:com.nagp.amazon.tests.AmazonHomePageTest@376a0d86]" started-at="2022-02-23T00:24:02 IST" name="clickAndValidateTodaysDealsPage" finished-at="2022-02-23T00:24:03 IST" duration-ms="1579" status="PASS">
          <reporter-output>
          </reporter-output>
        </test-method> <!-- clickAndValidateTodaysDealsPage -->
        <test-method is-config="true" signature="tearDown(org.testng.ITestResult)[pri:0, instance:com.nagp.amazon.tests.AmazonHomePageTest@376a0d86]" started-at="2022-02-23T00:24:03 IST" name="tearDown" finished-at="2022-02-23T00:24:04 IST" duration-ms="835" status="PASS">
          <params>
            <param index="0">
              <value>
                <![CDATA[[TestResult name=clickAndValidateTodaysDealsPage status=SUCCESS method=AmazonHomePageTest.clickAndValidateTodaysDealsPage()[pri:2, instance:com.nagp.amazon.tests.AmazonHomePageTest@376a0d86] output={null}]]]>
              </value>
            </param>
          </params>
          <reporter-output>
          </reporter-output>
        </test-method> <!-- tearDown -->
        <test-method is-config="true" signature="setup()[pri:0, instance:com.nagp.amazon.tests.AmazonHomePageTest@376a0d86]" started-at="2022-02-23T00:24:04 IST" name="setup" finished-at="2022-02-23T00:24:08 IST" duration-ms="3447" status="PASS">
          <reporter-output>
          </reporter-output>
        </test-method> <!-- setup -->
        <test-method signature="enterAndValidateDeliveryAddressPincodeTest()[pri:3, instance:com.nagp.amazon.tests.AmazonHomePageTest@376a0d86]" started-at="2022-02-23T00:24:08 IST" name="enterAndValidateDeliveryAddressPincodeTest" finished-at="2022-02-23T00:24:14 IST" duration-ms="5844" status="PASS">
          <reporter-output>
          </reporter-output>
        </test-method> <!-- enterAndValidateDeliveryAddressPincodeTest -->
        <test-method is-config="true" signature="tearDown(org.testng.ITestResult)[pri:0, instance:com.nagp.amazon.tests.AmazonHomePageTest@376a0d86]" started-at="2022-02-23T00:24:14 IST" name="tearDown" finished-at="2022-02-23T00:24:15 IST" duration-ms="1126" status="PASS">
          <params>
            <param index="0">
              <value>
                <![CDATA[[TestResult name=enterAndValidateDeliveryAddressPincodeTest status=SUCCESS method=AmazonHomePageTest.enterAndValidateDeliveryAddressPincodeTest()[pri:3, instance:com.nagp.amazon.tests.AmazonHomePageTest@376a0d86] output={null}]]]>
              </value>
            </param>
          </params>
          <reporter-output>
          </reporter-output>
        </test-method> <!-- tearDown -->
        <test-method is-config="true" signature="setup()[pri:0, instance:com.nagp.amazon.tests.AmazonHomePageTest@376a0d86]" started-at="2022-02-23T00:24:15 IST" name="setup" finished-at="2022-02-23T00:24:18 IST" duration-ms="3351" status="PASS">
          <reporter-output>
          </reporter-output>
        </test-method> <!-- setup -->
        <test-method signature="searchProductTest()[pri:4, instance:com.nagp.amazon.tests.AmazonHomePageTest@376a0d86]" started-at="2022-02-23T00:24:18 IST" name="searchProductTest" finished-at="2022-02-23T00:24:20 IST" duration-ms="2059" status="PASS">
          <reporter-output>
          </reporter-output>
        </test-method> <!-- searchProductTest -->
        <test-method is-config="true" signature="tearDown(org.testng.ITestResult)[pri:0, instance:com.nagp.amazon.tests.AmazonHomePageTest@376a0d86]" started-at="2022-02-23T00:24:20 IST" name="tearDown" finished-at="2022-02-23T00:24:21 IST" duration-ms="781" status="PASS">
          <params>
            <param index="0">
              <value>
                <![CDATA[[TestResult name=searchProductTest status=SUCCESS method=AmazonHomePageTest.searchProductTest()[pri:4, instance:com.nagp.amazon.tests.AmazonHomePageTest@376a0d86] output={null}]]]>
              </value>
            </param>
          </params>
          <reporter-output>
          </reporter-output>
        </test-method> <!-- tearDown -->
      </class> <!-- com.nagp.amazon.tests.AmazonHomePageTest -->
      <class name="com.nagp.amazon.tests.AmazonProductSearchResultsPageTest">
        <test-method is-config="true" signature="setup()[pri:0, instance:com.nagp.amazon.tests.AmazonProductSearchResultsPageTest@62656be4]" started-at="2022-02-23T00:24:21 IST" name="setup" finished-at="2022-02-23T00:24:26 IST" duration-ms="5512" status="PASS">
          <reporter-output>
          </reporter-output>
        </test-method> <!-- setup -->
        <test-method signature="validateSortSearchResultsByPriceLowToHighTest()[pri:0, instance:com.nagp.amazon.tests.AmazonProductSearchResultsPageTest@62656be4]" started-at="2022-02-23T00:24:26 IST" name="validateSortSearchResultsByPriceLowToHighTest" finished-at="2022-02-23T00:24:33 IST" duration-ms="6323" status="PASS">
          <reporter-output>
          </reporter-output>
        </test-method> <!-- validateSortSearchResultsByPriceLowToHighTest -->
        <test-method is-config="true" signature="tearDown(org.testng.ITestResult)[pri:0, instance:com.nagp.amazon.tests.AmazonProductSearchResultsPageTest@62656be4]" started-at="2022-02-23T00:24:33 IST" name="tearDown" finished-at="2022-02-23T00:24:34 IST" duration-ms="812" status="PASS">
          <params>
            <param index="0">
              <value>
                <![CDATA[[TestResult name=validateSortSearchResultsByPriceLowToHighTest status=SUCCESS method=AmazonProductSearchResultsPageTest.validateSortSearchResultsByPriceLowToHighTest()[pri:0, instance:com.nagp.amazon.tests.AmazonProductSearchResultsPageTest@62656be4] output={null}]]]>
              </value>
            </param>
          </params>
          <reporter-output>
          </reporter-output>
        </test-method> <!-- tearDown -->
      </class> <!-- com.nagp.amazon.tests.AmazonProductSearchResultsPageTest -->
      <class name="com.nagp.amazon.tests.AmazonLoginPageTest">
        <test-method is-config="true" signature="setExtent()[pri:0, instance:com.nagp.amazon.tests.AmazonLoginPageTest@79defdc]" started-at="2022-02-23T00:23:18 IST" name="setExtent" finished-at="2022-02-23T00:23:18 IST" duration-ms="0" status="PASS">
          <reporter-output>
          </reporter-output>
        </test-method> <!-- setExtent -->
        <test-method is-config="true" signature="setup()[pri:0, instance:com.nagp.amazon.tests.AmazonLoginPageTest@79defdc]" started-at="2022-02-23T00:23:18 IST" name="setup" finished-at="2022-02-23T00:23:24 IST" duration-ms="6172" status="PASS">
          <reporter-output>
          </reporter-output>
        </test-method> <!-- setup -->
        <test-method signature="openLoginScreenTest()[pri:1, instance:com.nagp.amazon.tests.AmazonLoginPageTest@79defdc]" started-at="2022-02-23T00:23:24 IST" name="openLoginScreenTest" finished-at="2022-02-23T00:23:25 IST" duration-ms="902" status="PASS">
          <reporter-output>
          </reporter-output>
        </test-method> <!-- openLoginScreenTest -->
        <test-method is-config="true" signature="tearDown(org.testng.ITestResult)[pri:0, instance:com.nagp.amazon.tests.AmazonLoginPageTest@79defdc]" started-at="2022-02-23T00:23:25 IST" name="tearDown" finished-at="2022-02-23T00:23:26 IST" duration-ms="812" status="PASS">
          <params>
            <param index="0">
              <value>
                <![CDATA[[TestResult name=openLoginScreenTest status=SUCCESS method=AmazonLoginPageTest.openLoginScreenTest()[pri:1, instance:com.nagp.amazon.tests.AmazonLoginPageTest@79defdc] output={null}]]]>
              </value>
            </param>
          </params>
          <reporter-output>
          </reporter-output>
        </test-method> <!-- tearDown -->
        <test-method is-config="true" signature="setup()[pri:0, instance:com.nagp.amazon.tests.AmazonLoginPageTest@79defdc]" started-at="2022-02-23T00:23:26 IST" name="setup" finished-at="2022-02-23T00:23:29 IST" duration-ms="3130" status="PASS">
          <reporter-output>
          </reporter-output>
        </test-method> <!-- setup -->
        <test-method signature="conditionsOfUseTest()[pri:2, instance:com.nagp.amazon.tests.AmazonLoginPageTest@79defdc]" started-at="2022-02-23T00:23:29 IST" name="conditionsOfUseTest" finished-at="2022-02-23T00:23:31 IST" duration-ms="1854" status="FAIL">
          <exception class="java.lang.AssertionError">
            <message>
              <![CDATA[Conditions Page Title does not match expected [Amazon.in Help: Conditions of Use] but found [Conditions of Use - Amazon Customer Service]]]>
            </message>
            <full-stacktrace>
              <![CDATA[java.lang.AssertionError: Conditions Page Title does not match expected [Amazon.in Help: Conditions of Use] but found [Conditions of Use - Amazon Customer Service]
at org.testng.Assert.fail(Assert.java:99)
at org.testng.Assert.failNotEquals(Assert.java:1037)
at org.testng.Assert.assertEqualsImpl(Assert.java:140)
at org.testng.Assert.assertEquals(Assert.java:122)
at org.testng.Assert.assertEquals(Assert.java:629)
at com.nagp.amazon.tests.AmazonLoginPageTest.conditionsOfUseTest(AmazonLoginPageTest.java:59)
at java.base/jdk.internal.reflect.NativeMethodAccessorImpl.invoke0(Native Method)
at java.base/jdk.internal.reflect.NativeMethodAccessorImpl.invoke(NativeMethodAccessorImpl.java:62)
at java.base/jdk.internal.reflect.DelegatingMethodAccessorImpl.invoke(DelegatingMethodAccessorImpl.java:43)
at java.base/java.lang.reflect.Method.invoke(Method.java:566)
at org.testng.internal.MethodInvocationHelper.invokeMethod(MethodInvocationHelper.java:133)
at org.testng.internal.TestInvoker.invokeMethod(TestInvoker.java:598)
at org.testng.internal.TestInvoker.invokeTestMethod(TestInvoker.java:173)
at org.testng.internal.MethodRunner.runInSequence(MethodRunner.java:46)
at org.testng.internal.TestInvoker$MethodInvocationAgent.invoke(TestInvoker.java:824)
at org.testng.internal.TestInvoker.invokeTestMethods(TestInvoker.java:146)
at org.testng.internal.TestMethodWorker.invokeTestMethods(TestMethodWorker.java:146)
at org.testng.internal.TestMethodWorker.run(TestMethodWorker.java:128)
at java.base/java.util.ArrayList.forEach(ArrayList.java:1541)
at org.testng.TestRunner.privateRun(TestRunner.java:794)
at org.testng.TestRunner.run(TestRunner.java:596)
at org.testng.SuiteRunner.runTest(SuiteRunner.java:377)
at org.testng.SuiteRunner.runSequentially(SuiteRunner.java:371)
at org.testng.SuiteRunner.privateRun(SuiteRunner.java:332)
at org.testng.SuiteRunner.run(SuiteRunner.java:276)
at org.testng.SuiteRunnerWorker.runSuite(SuiteRunnerWorker.java:53)
at org.testng.SuiteRunnerWorker.run(SuiteRunnerWorker.java:96)
at org.testng.TestNG.runSuitesSequentially(TestNG.java:1212)
at org.testng.TestNG.runSuitesLocally(TestNG.java:1134)
at org.testng.TestNG.runSuites(TestNG.java:1063)
at org.testng.TestNG.run(TestNG.java:1031)
at org.testng.remote.AbstractRemoteTestNG.run(AbstractRemoteTestNG.java:115)
at org.testng.remote.RemoteTestNG.initAndRun(RemoteTestNG.java:251)
at org.testng.remote.RemoteTestNG.main(RemoteTestNG.java:77)
]]>
            </full-stacktrace>
          </exception> <!-- java.lang.AssertionError -->
          <reporter-output>
          </reporter-output>
        </test-method> <!-- conditionsOfUseTest -->
        <test-method is-config="true" signature="tearDown(org.testng.ITestResult)[pri:0, instance:com.nagp.amazon.tests.AmazonLoginPageTest@79defdc]" started-at="2022-02-23T00:23:31 IST" name="tearDown" finished-at="2022-02-23T00:23:32 IST" duration-ms="781" status="PASS">
          <params>
            <param index="0">
              <value>
                <![CDATA[[TestResult name=conditionsOfUseTest status=FAILURE method=AmazonLoginPageTest.conditionsOfUseTest()[pri:2, instance:com.nagp.amazon.tests.AmazonLoginPageTest@79defdc] output={null}]]]>
              </value>
            </param>
          </params>
          <reporter-output>
          </reporter-output>
        </test-method> <!-- tearDown -->
        <test-method is-config="true" signature="setup()[pri:0, instance:com.nagp.amazon.tests.AmazonLoginPageTest@79defdc]" started-at="2022-02-23T00:23:32 IST" name="setup" finished-at="2022-02-23T00:23:35 IST" duration-ms="3063" status="PASS">
          <reporter-output>
          </reporter-output>
        </test-method> <!-- setup -->
        <test-method signature="privacyNoticeTest()[pri:3, instance:com.nagp.amazon.tests.AmazonLoginPageTest@79defdc]" started-at="2022-02-23T00:23:35 IST" name="privacyNoticeTest" finished-at="2022-02-23T00:23:37 IST" duration-ms="1929" status="FAIL">
          <exception class="java.lang.AssertionError">
            <message>
              <![CDATA[Privacy Notice Page Title does not match expected [Amazon.in Help: Amazon.in Privacy Notice] but found [Amazon.in Privacy Notice - Amazon Customer Service]]]>
            </message>
            <full-stacktrace>
              <![CDATA[java.lang.AssertionError: Privacy Notice Page Title does not match expected [Amazon.in Help: Amazon.in Privacy Notice] but found [Amazon.in Privacy Notice - Amazon Customer Service]
at org.testng.Assert.fail(Assert.java:99)
at org.testng.Assert.failNotEquals(Assert.java:1037)
at org.testng.Assert.assertEqualsImpl(Assert.java:140)
at org.testng.Assert.assertEquals(Assert.java:122)
at org.testng.Assert.assertEquals(Assert.java:629)
at com.nagp.amazon.tests.AmazonLoginPageTest.privacyNoticeTest(AmazonLoginPageTest.java:68)
at java.base/jdk.internal.reflect.NativeMethodAccessorImpl.invoke0(Native Method)
at java.base/jdk.internal.reflect.NativeMethodAccessorImpl.invoke(NativeMethodAccessorImpl.java:62)
at java.base/jdk.internal.reflect.DelegatingMethodAccessorImpl.invoke(DelegatingMethodAccessorImpl.java:43)
at java.base/java.lang.reflect.Method.invoke(Method.java:566)
at org.testng.internal.MethodInvocationHelper.invokeMethod(MethodInvocationHelper.java:133)
at org.testng.internal.TestInvoker.invokeMethod(TestInvoker.java:598)
at org.testng.internal.TestInvoker.invokeTestMethod(TestInvoker.java:173)
at org.testng.internal.MethodRunner.runInSequence(MethodRunner.java:46)
at org.testng.internal.TestInvoker$MethodInvocationAgent.invoke(TestInvoker.java:824)
at org.testng.internal.TestInvoker.invokeTestMethods(TestInvoker.java:146)
at org.testng.internal.TestMethodWorker.invokeTestMethods(TestMethodWorker.java:146)
at org.testng.internal.TestMethodWorker.run(TestMethodWorker.java:128)
at java.base/java.util.ArrayList.forEach(ArrayList.java:1541)
at org.testng.TestRunner.privateRun(TestRunner.java:794)
at org.testng.TestRunner.run(TestRunner.java:596)
at org.testng.SuiteRunner.runTest(SuiteRunner.java:377)
at org.testng.SuiteRunner.runSequentially(SuiteRunner.java:371)
at org.testng.SuiteRunner.privateRun(SuiteRunner.java:332)
at org.testng.SuiteRunner.run(SuiteRunner.java:276)
at org.testng.SuiteRunnerWorker.runSuite(SuiteRunnerWorker.java:53)
at org.testng.SuiteRunnerWorker.run(SuiteRunnerWorker.java:96)
at org.testng.TestNG.runSuitesSequentially(TestNG.java:1212)
at org.testng.TestNG.runSuitesLocally(TestNG.java:1134)
at org.testng.TestNG.runSuites(TestNG.java:1063)
at org.testng.TestNG.run(TestNG.java:1031)
at org.testng.remote.AbstractRemoteTestNG.run(AbstractRemoteTestNG.java:115)
at org.testng.remote.RemoteTestNG.initAndRun(RemoteTestNG.java:251)
at org.testng.remote.RemoteTestNG.main(RemoteTestNG.java:77)
]]>
            </full-stacktrace>
          </exception> <!-- java.lang.AssertionError -->
          <reporter-output>
          </reporter-output>
        </test-method> <!-- privacyNoticeTest -->
        <test-method is-config="true" signature="tearDown(org.testng.ITestResult)[pri:0, instance:com.nagp.amazon.tests.AmazonLoginPageTest@79defdc]" started-at="2022-02-23T00:23:37 IST" name="tearDown" finished-at="2022-02-23T00:23:38 IST" duration-ms="790" status="PASS">
          <params>
            <param index="0">
              <value>
                <![CDATA[[TestResult name=privacyNoticeTest status=FAILURE method=AmazonLoginPageTest.privacyNoticeTest()[pri:3, instance:com.nagp.amazon.tests.AmazonLoginPageTest@79defdc] output={null}]]]>
              </value>
            </param>
          </params>
          <reporter-output>
          </reporter-output>
        </test-method> <!-- tearDown -->
        <test-method is-config="true" signature="setup()[pri:0, instance:com.nagp.amazon.tests.AmazonLoginPageTest@79defdc]" started-at="2022-02-23T00:23:38 IST" name="setup" finished-at="2022-02-23T00:23:41 IST" duration-ms="3330" status="PASS">
          <reporter-output>
          </reporter-output>
        </test-method> <!-- setup -->
        <test-method signature="loginTest()[pri:4, instance:com.nagp.amazon.tests.AmazonLoginPageTest@79defdc]" started-at="2022-02-23T00:23:41 IST" name="loginTest" finished-at="2022-02-23T00:23:44 IST" duration-ms="2956" status="PASS">
          <reporter-output>
          </reporter-output>
        </test-method> <!-- loginTest -->
        <test-method is-config="true" signature="tearDown(org.testng.ITestResult)[pri:0, instance:com.nagp.amazon.tests.AmazonLoginPageTest@79defdc]" started-at="2022-02-23T00:23:44 IST" name="tearDown" finished-at="2022-02-23T00:23:45 IST" duration-ms="740" status="PASS">
          <params>
            <param index="0">
              <value>
                <![CDATA[[TestResult name=loginTest status=SUCCESS method=AmazonLoginPageTest.loginTest()[pri:4, instance:com.nagp.amazon.tests.AmazonLoginPageTest@79defdc] output={null}]]]>
              </value>
            </param>
          </params>
          <reporter-output>
          </reporter-output>
        </test-method> <!-- tearDown -->
        <test-method is-config="true" signature="setup()[pri:0, instance:com.nagp.amazon.tests.AmazonLoginPageTest@79defdc]" started-at="2022-02-23T00:23:45 IST" name="setup" finished-at="2022-02-23T00:23:48 IST" duration-ms="3141" status="PASS">
          <reporter-output>
          </reporter-output>
        </test-method> <!-- setup -->
        <test-method signature="failedLoginTest()[pri:5, instance:com.nagp.amazon.tests.AmazonLoginPageTest@79defdc]" started-at="2022-02-23T00:23:48 IST" name="failedLoginTest" finished-at="2022-02-23T00:23:53 IST" duration-ms="5432" status="PASS">
          <reporter-output>
          </reporter-output>
        </test-method> <!-- failedLoginTest -->
        <test-method is-config="true" signature="tearDown(org.testng.ITestResult)[pri:0, instance:com.nagp.amazon.tests.AmazonLoginPageTest@79defdc]" started-at="2022-02-23T00:23:53 IST" name="tearDown" finished-at="2022-02-23T00:23:54 IST" duration-ms="787" status="PASS">
          <params>
            <param index="0">
              <value>
                <![CDATA[[TestResult name=failedLoginTest status=SUCCESS method=AmazonLoginPageTest.failedLoginTest()[pri:5, instance:com.nagp.amazon.tests.AmazonLoginPageTest@79defdc] output={null}]]]>
              </value>
            </param>
          </params>
          <reporter-output>
          </reporter-output>
        </test-method> <!-- tearDown -->
      </class> <!-- com.nagp.amazon.tests.AmazonLoginPageTest -->
    </test> <!-- Amazon Application Test Cases -->
  </suite> <!-- Amazon Application NAGP Selenium Project -->
</testng-results>
