<?xml version="1.0" encoding="UTF-8"?>
<!-- Generated by org.testng.reporters.JUnitXMLReporter -->
<testsuite ignored="0" hostname="Anujalhans01" failures="2" tests="10" name="Amazon Application Test Cases" time="75.84" errors="0" timestamp="2022-02-23T00:24:34 IST">
  <testcase classname="com.nagp.amazon.tests.AmazonLoginPageTest" name="openLoginScreenTest" time="0.902"/>
  <testcase classname="com.nagp.amazon.tests.AmazonLoginPageTest" name="conditionsOfUseTest" time="1.854">
    <failure type="java.lang.AssertionError" message="Conditions Page Title does not match expected [Amazon.in Help: Conditions of Use] but found [Conditions of Use - Amazon Customer Service]">
      <![CDATA[java.lang.AssertionError: Conditions Page Title does not match expected [Amazon.in Help: Conditions of Use] but found [Conditions of Use - Amazon Customer Service]
at com.nagp.amazon.tests.AmazonLoginPageTest.conditionsOfUseTest(AmazonLoginPageTest.java:59)
at java.base/java.util.ArrayList.forEach(ArrayList.java:1541)
... Removed 32 stack frames]]>
    </failure>
  </testcase> <!-- conditionsOfUseTest -->
  <testcase classname="com.nagp.amazon.tests.AmazonLoginPageTest" name="privacyNoticeTest" time="1.929">
    <failure type="java.lang.AssertionError" message="Privacy Notice Page Title does not match expected [Amazon.in Help: Amazon.in Privacy Notice] but found [Amazon.in Privacy Notice - Amazon Customer Service]">
      <![CDATA[java.lang.AssertionError: Privacy Notice Page Title does not match expected [Amazon.in Help: Amazon.in Privacy Notice] but found [Amazon.in Privacy Notice - Amazon Customer Service]
at com.nagp.amazon.tests.AmazonLoginPageTest.privacyNoticeTest(AmazonLoginPageTest.java:68)
at java.base/java.util.ArrayList.forEach(ArrayList.java:1541)
... Removed 32 stack frames]]>
    </failure>
  </testcase> <!-- privacyNoticeTest -->
  <testcase classname="com.nagp.amazon.tests.AmazonLoginPageTest" name="loginTest" time="2.956"/>
  <testcase classname="com.nagp.amazon.tests.AmazonLoginPageTest" name="failedLoginTest" time="5.432"/>
  <testcase classname="com.nagp.amazon.tests.AmazonHomePageTest" name="amazonLogoOnHomePageTest" time="0.292"/>
  <testcase classname="com.nagp.amazon.tests.AmazonHomePageTest" name="clickAndValidateTodaysDealsPage" time="1.579"/>
  <testcase classname="com.nagp.amazon.tests.AmazonHomePageTest" name="enterAndValidateDeliveryAddressPincodeTest" time="5.844"/>
  <testcase classname="com.nagp.amazon.tests.AmazonHomePageTest" name="searchProductTest" time="2.059"/>
  <testcase classname="com.nagp.amazon.tests.AmazonProductSearchResultsPageTest" name="validateSortSearchResultsByPriceLowToHighTest" time="6.323"/>
</testsuite> <!-- Amazon Application Test Cases -->
